ERROR  |  2024-05_20 22:33:57  |  Expected 405 but got 201 instead  |  file: (name)s
ERROR  |  2024-05_21 21:40:05  |  Expected 405 but got 200 instead  |  file: tests/test_pet/test_create_pet.py::TestCreatePet::test_create_pet (setup)
ERROR  |  2024-05_21 21:41:44  |  Expected 405 but got 201 instead  |  file: tests/test_pet/test_create_pet.py::TestCreatePet::test_create_pet (setup)
ERROR  |  2024-05_21 21:57:16  |  Expected 405 but got 201 instead  |  file: tests/test_pet/test_create_pet.py::TestCreatePet::test_create_pet (setup)
ERROR  |  2024-05_21 22:24:28  |  Expected 405 but got 201 instead  |  file: tests/test_pet/test_create_pet.py::TestCreatePet::test_create_pet (setup)
ERROR  |  2024-05_21 22:32:46  |  Expected 405 but got 200 instead  |  file: tests/test_pet/test_create_pet.py::TestCreatePet::test_create_pet (setup)
ERROR  |  2024-05_21 22:42:05  |  Expected 405 but got 201 instead  |  file: tests/test_pet/test_create_pet.py::TestCreatePet::test_create_pet (setup)
ERROR  |  2024-05_21 23:24:59  |  Expected 405 but got 201 instead  |  file: tests/test_pet/test_create_pet.py::TestCreatePet::test_create_pet (setup)
ERROR  |  2024-05_22 21:53:13  |  Expected 405 but got 201 instead  |  file: tests/test_pet/test_create_pet.py::TestCreatePet::test_create_pet (setup)
ERROR  |  2024-05_22 21:54:31  |  Expected 405 but got 200 instead  |  file: tests/test_pet/test_create_pet.py::TestCreatePet::test_create_pet (setup)
ERROR  |  2024-05_22 21:55:45  |  Expected 405 but got 201 instead  |  file: tests/test_pet/test_create_pet.py::TestCreatePet::test_create_pet (setup)
ERROR  |  2024-05_23 19:47:24  |  Expected 405 but got 201 instead  |  file: tests/test_pet/test_create_pet.py::TestCreatePet::test_create_pet (setup)
ERROR  |  2024-05_23 19:48:34  |  Expected 405 but got 201 instead  |  file: tests/test_pet/test_create_pet.py::TestCreatePet::test_create_pet (setup)
ERROR  |  2024-05_23 20:07:40  |  Expected 405 but got 201 instead  |  file: tests/test_pet/test_create_pet.py::TestCreatePet::test_create_pet (setup)
ERROR  |  2024-05_23 20:07:51  |  Expected 405 but got 201 instead  |  file: tests/test_pet/test_create_pet.py::TestCreatePet::test_create_pet (setup)
ERROR  |  2024-05_28 19:44:32  |  Expected 405 but got 201 instead  |  file: tests/test_pet/test_create_pet.py::TestCreatePet::test_create_pet (setup)
ERROR  |  2024-05_28 19:45:48  |  Expected 405 but got 201 instead  |  file: tests/test_pet/test_create_pet.py::TestCreatePet::test_create_pet (setup)
ERROR  |  2024-05_28 19:45:57  |  Expected 405 but got 201 instead  |  file: tests/test_pet/test_create_pet.py::TestCreatePet::test_create_pet (setup)
ERROR  |  2024-05_28 20:36:40  |  Expected 405 but got 201 instead  |  file: tests/test_pet/test_create_pet.py::TestCreatePet::test_create_pet (setup)
ERROR  |  2024-05_28 21:05:10  |  1 validation error for CreatePetShem
  Invalid JSON: expected value at line 1 column 1 [type=json_invalid, input_value='<?xml version="1.0" enco...wn</type></apiResponse>', input_type=str]
    For further information visit https://errors.pydantic.dev/2.7/v/json_invalid  |  file: src.validator
ERROR  |  2024-05_28 21:15:08  |  1 validation error for CreatePetShem
  Invalid JSON: expected value at line 1 column 1 [type=json_invalid, input_value='<?xml version="1.0" enco...wn</type></apiResponse>', input_type=str]
    For further information visit https://errors.pydantic.dev/2.7/v/json_invalid  |  file: src.validator
ERROR  |  2024-05_28 21:37:57  |  Expected 405 but got 201 instead  |  file: tests/test_pet/test_create_pet.py::TestCreatePet::test_create_pet (setup)
ERROR  |  2024-05_29 09:58:32  |  Expected 200 but got 201 instead  |  file: tests/test_pet/test_create_pet.py::TestCreatePet::test_create_pet (setup)
ERROR  |  2024-05_29 12:45:11  |  Invalid status: available1  |  file: src.shemas.create_pet_shem
ERROR  |  2024-05_29 12:45:11  |  1 validation error for CreatePetShem
status
  Value error, Invalid status: available1. Status must be one of ["available", "pending", "sold"] [type=value_error, input_value='available1', input_type=str]
    For further information visit https://errors.pydantic.dev/2.7/v/value_error  |  file: src.validator
ERROR  |  2024-05_29 12:47:47  |  Invalid status: available1  |  file: src.shemas.create_pet_shem
ERROR  |  2024-05_29 12:47:47  |  1 validation error for CreatePetShem
status
  Value error, Invalid status: available1. Status must be one of ["available", "pending", "sold"] [type=value_error, input_value='available1', input_type=str]
    For further information visit https://errors.pydantic.dev/2.7/v/value_error  |  file: src.validator
ERROR  |  2024-05_29 20:48:51  |  1 validation error for CreatePetShem
status
  Value error, Invalid status: available1. Status must be one of ["available", "pending", "sold"] [type=value_error, input_value='available1', input_type=str]
    For further information visit https://errors.pydantic.dev/2.7/v/value_error  |  file: src.validator
ERROR  |  2024-05_29 20:50:23  |  Expected 200 but got 201 instead  |  file: tests/test_pet/test_create_pet.py::TestCreatePet::test_create_pet (setup)
ERROR  |  2024-05_29 20:50:53  |  1 validation error for CreatePetShem
status
  Value error, Invalid status: available1. Status must be one of ["available", "pending", "sold"] [type=value_error, input_value='available1', input_type=str]
    For further information visit https://errors.pydantic.dev/2.7/v/value_error  |  file: src.validator
ERROR  |  2024-05_29 20:55:08  |  1 validation error for CreatePetShem
status
  Value error, Invalid status: available1. Status must be one of ["available", "pending", "sold"] [type=value_error, input_value='available1', input_type=str]
    For further information visit https://errors.pydantic.dev/2.7/v/value_error  |  file: src.validator
ERROR  |  2024-05_29 20:56:49  |  Expected 200 but got 201 instead  |  file: tests/test_pet/test_create_pet.py::TestCreatePet::test_create_pet (setup)
